c:\users\user\source\repos\project16\project16\x64\debug\vc141.pdb
c:\users\user\source\repos\project16\project16\x64\debug\myform.obj
c:\users\user\source\repos\project16\project16\x64\debug\helper.obj
c:\users\user\source\repos\project16\project16\x64\debug\client.obj
c:\users\user\source\repos\project16\project16\x64\debug\.netframework,version=v4.6.1.assemblyattributes.obj
c:\users\user\source\repos\project16\project16\x64\debug\.netframework,version=v4.6.1.assemblyattributes.asm
c:\users\user\source\repos\project16\project16\x64\debug\project16.myform.resources
c:\users\user\source\repos\project16\project16\x64\debug\project16.myform1.resources
c:\users\user\source\repos\project16\x64\debug\guichat.exe
c:\users\user\source\repos\project16\x64\debug\guichat.pdb
c:\users\user\source\repos\project16\project16\x64\debug\project16.vcxproj.generateresource.cache
c:\users\user\source\repos\project16\project16\x64\debug\project16.vcxprojresolveassemblyreference.cache
c:\users\user\source\repos\project16\project16\x64\debug\guichat.tlog\cl.command.1.tlog
c:\users\user\source\repos\project16\project16\x64\debug\guichat.tlog\cl.read.1.tlog
c:\users\user\source\repos\project16\project16\x64\debug\guichat.tlog\cl.write.1.tlog
c:\users\user\source\repos\project16\project16\x64\debug\guichat.tlog\guichat.write.1u.tlog
c:\users\user\source\repos\project16\project16\x64\debug\guichat.tlog\link.command.1.tlog
c:\users\user\source\repos\project16\project16\x64\debug\guichat.tlog\link.read.1.tlog
c:\users\user\source\repos\project16\project16\x64\debug\guichat.tlog\link.write.1.tlog
c:\users\user\source\repos\project16\project16\x64\debug\guichat.tlog\metagen.read.1.tlog
c:\users\user\source\repos\project16\project16\x64\debug\guichat.tlog\metagen.write.1.tlog
c:\users\user\source\repos\project16\project16\x64\debug\guichat.tlog\tzres.dll.bi
